diff --git a/docs/src/lib/ErrorEstimate/ErrorDispatch/ErrorDispatchDerivative.md b/docs/src/lib/ErrorEstimate/ErrorDispatch/ErrorDispatchDerivative.md
index 333666d..8159fc0 100644
--- a/docs/src/lib/ErrorEstimate/ErrorDispatch/ErrorDispatchDerivative.md
+++ b/docs/src/lib/ErrorEstimate/ErrorDispatch/ErrorDispatchDerivative.md
@@ -89,7 +89,6 @@ The backend-specific derivative helpers include:
 
 - [`Maranatha.ErrorEstimate.AutoDerivative.AutoDerivativeDirect.ADForwardDiff.nth_derivative_forwarddiff`](@ref)
 - [`Maranatha.ErrorEstimate.AutoDerivative.AutoDerivativeDirect.ADTaylorSeries.nth_derivative_taylor`](@ref)
-- [`Maranatha.ErrorEstimate.AutoDerivative.AutoDerivativeDirect.ADFastDifferentiation.nth_derivative_fastdifferentiation`](@ref)
 - [`Maranatha.ErrorEstimate.AutoDerivative.AutoDerivativeDirect.ADEnzyme.nth_derivative_enzyme`](@ref).
 
 Each backend has slightly different strengths:
diff --git a/src/Utils/Wizard.jl b/src/Utils/Wizard.jl
index 5970639..3ada037 100644
--- a/src/Utils/Wizard.jl
+++ b/src/Utils/Wizard.jl
@@ -727,7 +727,7 @@ function run_wizard(;
     println("Example boundaries: LU_ININ, LU_EXEX, LU_INEX, LU_EXIN ...")
     boundary = _prompt_boundary_spec("Boundary", dim; default_scalar = "LU_EXEX")
 
-    println("Error methods: refinement, forwarddiff, taylorseries, enzyme, fastdifferentiation")
+    println("Error methods: refinement, forwarddiff, taylorseries, enzyme")
     err_method = _prompt("Error method", "refinement")
 
     if lowercase(err_method) == "refinement"
