2026-03-18 16:02:45 CMD: JULIA_NUM_THREADS=81 julia --project 07_Production_Style_Merge_and_Report.jl
[2026-03-18 16:02:59.498] 
[2026-03-18 16:02:59.579] ==================================================
[2026-03-18 16:02:59.579] >>> BEGIN run_Maranatha
[2026-03-18 16:02:59.579] ==================================================
[2026-03-18 16:02:59.579] 
[2026-03-18 16:04:21.755] 
[2026-03-18 16:04:21.755] ==================================================
[2026-03-18 16:04:21.755] >>> Start run_Maranatha
[2026-03-18 16:04:21.755] ==================================================
[2026-03-18 16:04:21.755] 
[2026-03-18 16:04:22.069] Global grid: 52^4 points | threads: 81 → axis splits = [3, 3, 3, 3] → total subgrids = 81
[2026-03-18 16:04:22.215] Global grid: 52^4 points | threads: 81 → axis splits = [3, 3, 3, 3] → total subgrids = 81
[2026-03-18 16:04:22.253] Global grid: 104^4 points | threads: 81 → axis splits = [3, 3, 3, 3] → total subgrids = 81
[2026-03-18 16:04:22.550] Global grid: 56^4 points | threads: 81 → axis splits = [3, 3, 3, 3] → total subgrids = 81
[2026-03-18 16:04:22.581] Global grid: 56^4 points | threads: 81 → axis splits = [3, 3, 3, 3] → total subgrids = 81
[2026-03-18 16:04:22.612] Global grid: 112^4 points | threads: 81 → axis splits = [3, 3, 3, 3] → total subgrids = 81
[2026-03-18 16:04:23.026] Global grid: 60^4 points | threads: 81 → axis splits = [3, 3, 3, 3] → total subgrids = 81
[2026-03-18 16:04:23.067] Global grid: 60^4 points | threads: 81 → axis splits = [3, 3, 3, 3] → total subgrids = 81
[2026-03-18 16:04:23.106] Global grid: 120^4 points | threads: 81 → axis splits = [3, 3, 3, 3] → total subgrids = 81
[2026-03-18 16:04:23.613] Global grid: 64^4 points | threads: 81 → axis splits = [3, 3, 3, 3] → total subgrids = 81
[2026-03-18 16:04:23.664] Global grid: 64^4 points | threads: 81 → axis splits = [3, 3, 3, 3] → total subgrids = 81
[2026-03-18 16:04:23.716] Global grid: 128^4 points | threads: 81 → axis splits = [3, 3, 3, 3] → total subgrids = 81
[2026-03-18 16:04:24.384] Global grid: 68^4 points | threads: 81 → axis splits = [3, 3, 3, 3] → total subgrids = 81
[2026-03-18 16:04:24.446] Global grid: 68^4 points | threads: 81 → axis splits = [3, 3, 3, 3] → total subgrids = 81
[2026-03-18 16:04:24.506] Global grid: 136^4 points | threads: 81 → axis splits = [3, 3, 3, 3] → total subgrids = 81
 90.320005 seconds (198.64 M allocations: 9.667 GiB, 3.07% gc time, 98.90% compilation time: <1% of which was recompilation)
[2026-03-18 16:04:30.101] 
[2026-03-18 16:04:30.101] ==================================================
[2026-03-18 16:04:30.101] >>> END run_Maranatha
[2026-03-18 16:04:30.101] ==================================================
[2026-03-18 16:04:30.101] 
Precompiling packages...
   6968.9 ms  ✓ Maranatha
  1 dependency successfully precompiled in 7 seconds. 148 already precompiled.
2026-03-18 16:04:30 DONE
